<?xml version="1.0" encoding="UTF-8"?>
<testng-results skipped="0" failed="0" ignored="0" total="0" passed="0">
  <reporter-output>
  </reporter-output>
  <suite name="Default suite" duration-ms="60" started-at="2022-11-19T19:27:54 IST" finished-at="2022-11-19T19:27:54 IST">
    <groups>
    </groups>
    <test name="Default test" duration-ms="60" started-at="2022-11-19T19:27:54 IST" finished-at="2022-11-19T19:27:54 IST">
      <class name="testcases.CreateCustomerTest2">
        <test-method status="PASS" signature="setUp()[pri:0, instance:testcases.CreateCustomerTest2@77c2494c]" name="setUp" is-config="true" duration-ms="363" started-at="2022-11-19T19:27:54 IST" finished-at="2022-11-19T19:27:54 IST">
          <reporter-output>
          </reporter-output>
        </test-method> <!-- setUp -->
        <test-method status="PASS" signature="tearDown()[pri:0, instance:testcases.CreateCustomerTest2@77c2494c]" name="tearDown" is-config="true" duration-ms="1" started-at="2022-11-19T19:27:54 IST" finished-at="2022-11-19T19:27:54 IST">
          <reporter-output>
          </reporter-output>
        </test-method> <!-- tearDown -->
      </class> <!-- testcases.CreateCustomerTest2 -->
    </test> <!-- Default test -->
  </suite> <!-- Default suite -->
</testng-results>
